PhotoCropper Unity Project/Temp/gradleOut/unityLibrary/build/outputs/logs/manifest-merger-release-report.txt
-- Merging decision tree log ---
manifest
ADDED from src/main/AndroidManifest.xml:2:1-30:12
INJECTED from src/main/AndroidManifest.xml:2:1-30:12
INJECTED from src/main/AndroidManifest.xml:2:1-30:12
INJECTED from src/main/AndroidManifest.xml:2:1-30:12
INJECTED from src/main/AndroidManifest.xml:2:1-30:12
INJECTED from src/main/AndroidManifest.xml:2:1-30:12
INJECTED from src/main/AndroidManifest.xml:2:1-30:12
	package
		ADDED from src/main/AndroidManifest.xml:2:70-98
		INJECTED from src/main/AndroidManifest.xml
		INJECTED from src/main/AndroidManifest.xml
	android:versionName
		ADDED from src/main/AndroidManifest.xml:2:99-124
		INJECTED from src/main/AndroidManifest.xml
		INJECTED from src/main/AndroidManifest.xml
	xmlns:android
		ADDED from src/main/AndroidManifest.xml:2:11-69
	android:versionCode
		ADDED from src/main/AndroidManifest.xml:2:125-148
		INJECTED from src/main/AndroidManifest.xml
		INJECTED from src/main/AndroidManifest.xml
	android:installLocation
		ADDED from src/main/AndroidManifest.xml:2:149-189
supports-screens
ADDED from src/main/AndroidManifest.xml:3:3-163
	android:largeScreens
		ADDED from src/main/AndroidManifest.xml:3:78-105
	android:smallScreens
		ADDED from src/main/AndroidManifest.xml:3:21-48
	android:normalScreens
		ADDED from src/main/AndroidManifest.xml:3:49-77
	android:xlargeScreens
		ADDED from src/main/AndroidManifest.xml:3:106-134
	android:anyDensity
		ADDED from src/main/AndroidManifest.xml:3:135-160
application
ADDED from src/main/AndroidManifest.xml:4:3-18:17
activity#com.unity3d.player.UnityPlayerActivity
ADDED from src/main/AndroidManifest.xml:5:5-12:16
	android:screenOrientation
		ADDED from src/main/AndroidManifest.xml:5:102-140
	android:label
		ADDED from src/main/AndroidManifest.xml:5:15-47
	android:launchMode
		ADDED from src/main/AndroidManifest.xml:5:141-172
	android:hardwareAccelerated
		ADDED from src/main/AndroidManifest.xml:5:355-390
	android:configChanges
		ADDED from src/main/AndroidManifest.xml:5:173-354
	android:name
		ADDED from src/main/AndroidManifest.xml:5:48-101
intent-filter#action:name:android.intent.action.MAIN+category:name:android.intent.category.LAUNCHER+category:name:android.intent.category.LEANBACK_LAUNCHER
ADDED from src/main/AndroidManifest.xml:6:7-10:23
action#android.intent.action.MAIN
ADDED from src/main/AndroidManifest.xml:7:9-61
	android:name
		ADDED from src/main/AndroidManifest.xml:7:17-58
category#android.intent.category.LAUNCHER
ADDED from src/main/AndroidManifest.xml:8:9-69
	android:name
		ADDED from src/main/AndroidManifest.xml:8:19-66
category#android.intent.category.LEANBACK_LAUNCHER
ADDED from src/main/AndroidManifest.xml:9:9-78
	android:name
		ADDED from src/main/AndroidManifest.xml:9:19-75
meta-data#unityplayer.UnityActivity
ADDED from src/main/AndroidManifest.xml:11:7-82
	android:value
		ADDED from src/main/AndroidManifest.xml:11:59-79
	android:name
		ADDED from src/main/AndroidManifest.xml:11:18-58
activity#com.photocropper.code.WebViewActivity
ADDED from src/main/AndroidManifest.xml:13:5-14:16
	android:name
		ADDED from src/main/AndroidManifest.xml:13:15-67
meta-data#unity.splash-mode
ADDED from src/main/AndroidManifest.xml:15:5-69
	android:value
		ADDED from src/main/AndroidManifest.xml:15:49-66
	android:name
		ADDED from src/main/AndroidManifest.xml:15:16-48
meta-data#unity.splash-enable
ADDED from src/main/AndroidManifest.xml:16:5-74
	android:value
		ADDED from src/main/AndroidManifest.xml:16:51-71
	android:name
		ADDED from src/main/AndroidManifest.xml:16:16-50
meta-data#unity.build-id
ADDED from src/main/AndroidManifest.xml:17:5-101
	android:value
		ADDED from src/main/AndroidManifest.xml:17:46-98
	android:name
		ADDED from src/main/AndroidManifest.xml:17:16-45
uses-feature#0x00020000
ADDED from src/main/AndroidManifest.xml:19:3-52
	android:glEsVersion
		ADDED from src/main/AndroidManifest.xml:19:17-49
uses-permission#android.permission.INTERNET
ADDED from src/main/AndroidManifest.xml:20:3-65
	android:name
		ADDED from src/main/AndroidManifest.xml:20:20-62
uses-permission#android.permission.READ_PHONE_STATE
ADDED from src/main/AndroidManifest.xml:21:3-73
	android:name
		ADDED from src/main/AndroidManifest.xml:21:20-70
uses-permission#android.permission.ACCESS_NETWORK_STATE
ADDED from src/main/AndroidManifest.xml:22:3-77
	android:name
		ADDED from src/main/AndroidManifest.xml:22:20-74
uses-permission#android.permission.WRITE_EXTERNAL_STORAGE
ADDED from src/main/AndroidManifest.xml:23:3-79
	android:name
		ADDED from src/main/AndroidManifest.xml:23:20-76
uses-permission#android.permission.CAMERA
ADDED from src/main/AndroidManifest.xml:24:3-63
	android:name
		ADDED from src/main/AndroidManifest.xml:24:20-60
uses-permission#android.permission.RECORD_AUDIO
ADDED from src/main/AndroidManifest.xml:25:3-69
	android:name
		ADDED from src/main/AndroidManifest.xml:25:20-66
uses-feature#android.hardware.touchscreen
ADDED from src/main/AndroidManifest.xml:26:3-88
	android:required
		ADDED from src/main/AndroidManifest.xml:26:61-85
	android:name
		ADDED from src/main/AndroidManifest.xml:26:17-60
uses-feature#android.hardware.touchscreen.multitouch
ADDED from src/main/AndroidManifest.xml:27:3-99
	android:required
		ADDED from src/main/AndroidManifest.xml:27:72-96
	android:name
		ADDED from src/main/AndroidManifest.xml:27:17-71
uses-feature#android.hardware.touchscreen.multitouch.distinct
ADDED from src/main/AndroidManifest.xml:28:3-108
	android:required
		ADDED from src/main/AndroidManifest.xml:28:81-105
	android:name
		ADDED from src/main/AndroidManifest.xml:28:17-80
uses-feature#android.hardware.vulkan.version
ADDED from src/main/AndroidManifest.xml:29:3-91
	android:required
		ADDED from src/main/AndroidManifest.xml:29:64-88
	android:name
		ADDED from src/main/AndroidManifest.xml:29:17-63
uses-sdk
INJECTED from src/main/AndroidManifest.xml reason: use-sdk injection requested
INJECTED from src/main/AndroidManifest.xml
INJECTED from src/main/AndroidManifest.xml
INJECTED from src/main/AndroidManifest.xml
INJECTED from src/main/AndroidManifest.xml
	android:targetSdkVersion
		INJECTED from src/main/AndroidManifest.xml
		ADDED from src/main/AndroidManifest.xml
		INJECTED from src/main/AndroidManifest.xml
	android:minSdkVersion
		INJECTED from src/main/AndroidManifest.xml
		ADDED from src/main/AndroidManifest.xml
		INJECTED from src/main/AndroidManifest.xml